Arguments: 
  C:\Program Files\nodejs\node.exe C:\Users\danie\AppData\Roaming\npm\node_modules\yarn\bin\yarn.js add @aws-cdk/aws-appsync-alpha aws-cdk-lib aws-sdk constructs source-map-support

PATH: 
  C:\Program Files\PowerShell\7;C:\Program Files (x86)\Common Files\Oracle\Java\javapath;C:\Windows\system32;C:\Windows;C:\Windows\System32\Wbem;C:\Windows\System32\WindowsPowerShell\v1.0\;C:\Windows\System32\OpenSSH\;C:\Program Files (x86)\NVIDIA Corporation\PhysX\Common;C:\Program Files\NVIDIA Corporation\NVIDIA NvDLISR;C:\Program Files\Git\cmd;C:\Program Files\nodejs\;C:\ProgramData\chocolatey\bin;;C:\WINDOWS\system32;C:\WINDOWS;C:\WINDOWS\System32\Wbem;C:\WINDOWS\System32\WindowsPowerShell\v1.0\;C:\WINDOWS\System32\OpenSSH\;C:\Program Files (x86)\sbt\bin;C:\Program Files\PuTTY\;C:\Program Files\Docker\Docker\resources\bin;C:\ProgramData\DockerDesktop\version-bin;C:\Program Files\dotnet\;C:\WINDOWS\system32;C:\WINDOWS;C:\WINDOWS\System32\Wbem;C:\WINDOWS\System32\WindowsPowerShell\v1.0\;C:\WINDOWS\System32\OpenSSH\;C:\Program Files\Microsoft SQL Server\150\Tools\Binn\;C:\Program Files\PowerShell\7\;C:\Users\danie\.rover\bin;C:\texlive\2021\bin\win32;C:\Users\danie\AppData\Local\activestate\cache\bin;C:\Users\danie\AppData\Local\ActiveState\StateTool\release;C:\Python\Python38\Scripts\;C:\Python\Python38\;C:\Users\danie\AppData\Local\Microsoft\WindowsApps;C:\Users\danie\AppData\Local\Programs\Microsoft VS Code\bin;C:\Users\danie\AppData\Roaming\npm;C:\Python39;C:\Python39\Scripts;C:\Program Files\Java\jdk1.8.0_301\bin;C:\Program Files (x86)\scala\bin;C:\MinGW\bin;C:\Program Files\heroku\bin;C:\Users\danie\AppData\Local\Programs\MiKTeX\miktex\bin\x64\;C:\Users\danie\.mvn\apache-maven-3.8.4\bin;C:\Program Files (x86)\Java\jre1.8.0_321\bin;C:\Users\danie\.dotnet\tools;;C:\Program Files\JetBrains\IntelliJ IDEA Community Edition 2022.1\bin;;

Yarn version: 
  1.22.11

Node version: 
  14.17.3

Platform: 
  win32 x64

Trace: 
  SyntaxError: C:\Users\danie\Documents\Proyectos Web\Prevalentware\back-appsync-boilerplate\package.json: Unexpected token } in JSON at position 380
      at JSON.parse (<anonymous>)
      at C:\Users\danie\AppData\Roaming\npm\node_modules\yarn\lib\cli.js:1625:59
      at Generator.next (<anonymous>)
      at step (C:\Users\danie\AppData\Roaming\npm\node_modules\yarn\lib\cli.js:310:30)
      at C:\Users\danie\AppData\Roaming\npm\node_modules\yarn\lib\cli.js:321:13

npm manifest: 
  {
    "name": "back-appsync-boilerplate",
    "version": "1.0.0",
    "main": "index.js",
    "license": "MIT",
    "scripts": {
      "build": "tsc",
      "watch": "tsc -w",
      "clean": "yarn rimraf dist",
      "test": "jest",
      "cdk": "cdk",
      "deploy": "yarn clean && yarn build && yarn cdk deploy",
      "destroy": "yarn cdk destroy",
      "synth": "yarn cdk synth > template.yaml"
    },
  }

yarn manifest: 
  No manifest

Lockfile: 
  No lockfile
